{
  "stats": {
    "suites": 1,
    "tests": 13,
    "passes": 13,
    "pending": 0,
    "failures": 0,
    "start": "2022-11-01T18:13:11.993Z",
    "end": "2022-11-01T18:13:20.433Z",
    "duration": 8440,
    "testsRegistered": 13,
    "passPercent": 100,
    "pendingPercent": 0,
    "other": 0,
    "hasOther": false,
    "skipped": 0,
    "hasSkipped": false
  },
  "results": [
    {
      "uuid": "0e36ff30-2424-4968-90d2-05c90dc74b5c",
      "title": "",
      "fullFile": "cypress/integration/API_Test/apiNegativeResponse.js",
      "file": "cypress/integration/API_Test/apiNegativeResponse.js",
      "beforeHooks": [],
      "afterHooks": [],
      "tests": [],
      "suites": [
        {
          "uuid": "ae23b730-8c1c-44a2-97fe-08dce4768773",
          "title": "Negative API Test",
          "fullFile": "",
          "file": "",
          "beforeHooks": [],
          "afterHooks": [],
          "tests": [
            {
              "title": "POST Method :- Trying to validate POST method 405",
              "fullTitle": "Negative API Test POST Method :- Trying to validate POST method 405",
              "timedOut": null,
              "duration": 830,
              "state": "passed",
              "speed": "fast",
              "pass": true,
              "fail": false,
              "pending": false,
              "context": null,
              "code": "cy.request({\n  method: 'POST',\n  url: Cypress.env('uniURL') + uniCountry,\n  failOnStatusCode: false\n}).then(res => {\n  expect(res.status).to.eq(405);\n});",
              "err": {},
              "uuid": "5d3aec5e-e74a-473f-87b9-0d989bd744ce",
              "parentUUID": "ae23b730-8c1c-44a2-97fe-08dce4768773",
              "isHook": false,
              "skipped": false
            },
            {
              "title": "DELETE Method :- Trying to validate DELETE method 405",
              "fullTitle": "Negative API Test DELETE Method :- Trying to validate DELETE method 405",
              "timedOut": null,
              "duration": 705,
              "state": "passed",
              "speed": "fast",
              "pass": true,
              "fail": false,
              "pending": false,
              "context": null,
              "code": "cy.request({\n  method: 'DELETE',\n  url: Cypress.env('uniURL') + uniCountry,\n  failOnStatusCode: false\n}).then(res => {\n  expect(res.status).to.eq(405);\n});",
              "err": {},
              "uuid": "598a60dc-8b95-44a3-a2b4-4458a4d93eaa",
              "parentUUID": "ae23b730-8c1c-44a2-97fe-08dce4768773",
              "isHook": false,
              "skipped": false
            },
            {
              "title": "GET : Validate university name not to Undefine",
              "fullTitle": "Negative API Test GET : Validate university name not to Undefine",
              "timedOut": null,
              "duration": 811,
              "state": "passed",
              "speed": "fast",
              "pass": true,
              "fail": false,
              "pending": false,
              "context": null,
              "code": "cy.request({\n  method: 'GET',\n  url: Cypress.env('uniURL') + uniCountry\n}).then(res => {\n  expect(res.body[5].name).to.not.equal();\n});",
              "err": {},
              "uuid": "3034aede-fc01-4328-b3f3-aa0140560291",
              "parentUUID": "ae23b730-8c1c-44a2-97fe-08dce4768773",
              "isHook": false,
              "skipped": false
            },
            {
              "title": "API Header :- Negative validation for Wrong Access Control",
              "fullTitle": "Negative API Test API Header :- Negative validation for Wrong Access Control",
              "timedOut": null,
              "duration": 358,
              "state": "passed",
              "speed": "fast",
              "pass": true,
              "fail": false,
              "pending": false,
              "context": null,
              "code": "cy.get('@res').its('headers').its('access-control-allow-origin').should('not.include', wrongAccessControl);",
              "err": {},
              "uuid": "69e84371-5986-4f58-ab8a-0eb9d81df18d",
              "parentUUID": "ae23b730-8c1c-44a2-97fe-08dce4768773",
              "isHook": false,
              "skipped": false
            },
            {
              "title": "API Header :- Negative validation for Wrong connection",
              "fullTitle": "Negative API Test API Header :- Negative validation for Wrong connection",
              "timedOut": null,
              "duration": 352,
              "state": "passed",
              "speed": "fast",
              "pass": true,
              "fail": false,
              "pending": false,
              "context": null,
              "code": "cy.get('@res').its('headers').its('connection').should('not.contain', wrongConnection);",
              "err": {},
              "uuid": "360bbf87-fea5-45d5-a172-77a753b3131f",
              "parentUUID": "ae23b730-8c1c-44a2-97fe-08dce4768773",
              "isHook": false,
              "skipped": false
            },
            {
              "title": "API Header :- Negative validation for Wrong Content Length",
              "fullTitle": "Negative API Test API Header :- Negative validation for Wrong Content Length",
              "timedOut": null,
              "duration": 407,
              "state": "passed",
              "speed": "fast",
              "pass": true,
              "fail": false,
              "pending": false,
              "context": null,
              "code": "cy.get('@res').its('headers').its('content-length').should(() => {\n  expect('@res').to.not.eq(wrongContentLength), expect('@res').to.not.have.length(5);\n});",
              "err": {},
              "uuid": "cc042b8a-605b-43dc-941b-679ffe2b24d6",
              "parentUUID": "ae23b730-8c1c-44a2-97fe-08dce4768773",
              "isHook": false,
              "skipped": false
            },
            {
              "title": "API Header :- Negative validation for Wrong Content Type",
              "fullTitle": "Negative API Test API Header :- Negative validation for Wrong Content Type",
              "timedOut": null,
              "duration": 398,
              "state": "passed",
              "speed": "fast",
              "pass": true,
              "fail": false,
              "pending": false,
              "context": null,
              "code": "cy.get('@res').its('headers').its('content-type').should(() => {\n  expect('@res').to.not.eq(wrongContentType), expect('@res').to.not.have.property(wrongContentType);\n});",
              "err": {},
              "uuid": "653b4ddc-9439-41e3-b2a4-39f46d13e88c",
              "parentUUID": "ae23b730-8c1c-44a2-97fe-08dce4768773",
              "isHook": false,
              "skipped": false
            },
            {
              "title": "API Header :- Negative validation for Wrong Server",
              "fullTitle": "Negative API Test API Header :- Negative validation for Wrong Server",
              "timedOut": null,
              "duration": 400,
              "state": "passed",
              "speed": "fast",
              "pass": true,
              "fail": false,
              "pending": false,
              "context": null,
              "code": "cy.get('@res').its('headers').its('server').should(() => {\n  expect('@res').to.not.equal(wrongServer);\n}).should('not.include', wrongServer);",
              "err": {},
              "uuid": "9cbb6683-944a-4f17-b018-d06b712b1f48",
              "parentUUID": "ae23b730-8c1c-44a2-97fe-08dce4768773",
              "isHook": false,
              "skipped": false
            },
            {
              "title": "Status Code :- Validating wrong status code",
              "fullTitle": "Negative API Test Status Code :- Validating wrong status code",
              "timedOut": null,
              "duration": 800,
              "state": "passed",
              "speed": "fast",
              "pass": true,
              "fail": false,
              "pending": false,
              "context": null,
              "code": "cy.request({\n  method: 'GET',\n  url: Cypress.env('uniURL') + uniCountry\n}).then(res => {\n  expect(res.status).to.not.eq(wrongStatusCode);\n});",
              "err": {},
              "uuid": "9d605b4b-852c-49c6-a3e3-95dd82bad2e4",
              "parentUUID": "ae23b730-8c1c-44a2-97fe-08dce4768773",
              "isHook": false,
              "skipped": false
            },
            {
              "title": "GET - Validating undefine data",
              "fullTitle": "Negative API Test GET - Validating undefine data",
              "timedOut": null,
              "duration": 914,
              "state": "passed",
              "speed": "fast",
              "pass": true,
              "fail": false,
              "pending": false,
              "context": null,
              "code": "cy.request({\n  method: 'GET',\n  url: Cypress.env('uniURL') + uniCountry\n}).then(res => {\n  expect(res.body[5].domains[0]).to.not.eq();\n});",
              "err": {},
              "uuid": "c8baa128-1548-4e93-8d4c-1d87a8827551",
              "parentUUID": "ae23b730-8c1c-44a2-97fe-08dce4768773",
              "isHook": false,
              "skipped": false
            },
            {
              "title": "GET - Validating not equal data",
              "fullTitle": "Negative API Test GET - Validating not equal data",
              "timedOut": null,
              "duration": 707,
              "state": "passed",
              "speed": "fast",
              "pass": true,
              "fail": false,
              "pending": false,
              "context": null,
              "code": "cy.request({\n  method: 'GET',\n  url: Cypress.env('uniURL') + uniCountry\n}).then(res => {\n  expect(res.body[5].alpha_two_code).to.not.eq(wrongStatusCode);\n});",
              "err": {},
              "uuid": "eb03ecad-e6bc-480c-bf85-fca866525b11",
              "parentUUID": "ae23b730-8c1c-44a2-97fe-08dce4768773",
              "isHook": false,
              "skipped": false
            },
            {
              "title": "GET - Validating not contain",
              "fullTitle": "Negative API Test GET - Validating not contain",
              "timedOut": null,
              "duration": 771,
              "state": "passed",
              "speed": "fast",
              "pass": true,
              "fail": false,
              "pending": false,
              "context": null,
              "code": "cy.request({\n  method: 'GET',\n  url: Cypress.env('uniURL') + uniCountry\n}).then(res => {\n  expect(res.body[5].web_pages[0]).to.not.contain();\n});",
              "err": {},
              "uuid": "efc3117d-8e05-4859-8828-70b186181a83",
              "parentUUID": "ae23b730-8c1c-44a2-97fe-08dce4768773",
              "isHook": false,
              "skipped": false
            },
            {
              "title": "GET - Validating not contain",
              "fullTitle": "Negative API Test GET - Validating not contain",
              "timedOut": null,
              "duration": 849,
              "state": "passed",
              "speed": "fast",
              "pass": true,
              "fail": false,
              "pending": false,
              "context": null,
              "code": "cy.request({\n  method: 'GET',\n  url: Cypress.env('uniURL') + uniCountry\n}).then(res => {\n  expect(res.body[5].name).not.eq();\n});",
              "err": {},
              "uuid": "94fa10b3-f3e1-44c4-8a66-643f01c17c3c",
              "parentUUID": "ae23b730-8c1c-44a2-97fe-08dce4768773",
              "isHook": false,
              "skipped": false
            }
          ],
          "suites": [],
          "passes": [
            "5d3aec5e-e74a-473f-87b9-0d989bd744ce",
            "598a60dc-8b95-44a3-a2b4-4458a4d93eaa",
            "3034aede-fc01-4328-b3f3-aa0140560291",
            "69e84371-5986-4f58-ab8a-0eb9d81df18d",
            "360bbf87-fea5-45d5-a172-77a753b3131f",
            "cc042b8a-605b-43dc-941b-679ffe2b24d6",
            "653b4ddc-9439-41e3-b2a4-39f46d13e88c",
            "9cbb6683-944a-4f17-b018-d06b712b1f48",
            "9d605b4b-852c-49c6-a3e3-95dd82bad2e4",
            "c8baa128-1548-4e93-8d4c-1d87a8827551",
            "eb03ecad-e6bc-480c-bf85-fca866525b11",
            "efc3117d-8e05-4859-8828-70b186181a83",
            "94fa10b3-f3e1-44c4-8a66-643f01c17c3c"
          ],
          "failures": [],
          "pending": [],
          "skipped": [],
          "duration": 8302,
          "root": false,
          "rootEmpty": false,
          "_timeout": 2000
        }
      ],
      "passes": [],
      "failures": [],
      "pending": [],
      "skipped": [],
      "duration": 0,
      "root": true,
      "rootEmpty": true,
      "_timeout": 2000
    }
  ],
  "meta": {
    "mocha": {
      "version": "7.0.1"
    },
    "mochawesome": {
      "options": {
        "quiet": false,
        "reportFilename": "2022",
        "saveHtml": true,
        "saveJson": true,
        "consoleReporter": "spec",
        "useInlineDiffs": false,
        "code": true
      },
      "version": "6.3.1"
    },
    "marge": {
      "options": {
        "charts": true,
        "overwrite": false,
        "html": true,
        "json": true,
        "reportDir": "cypress/reports",
        "timestamp": "mm_dd-HH_MM_ss",
        "reportFilename": "2022"
      },
      "version": "5.2.0"
    }
  }
}