{
  "stats": {
    "suites": 1,
    "tests": 3,
    "passes": 3,
    "pending": 0,
    "failures": 0,
    "start": "2022-11-02T13:35:43.675Z",
    "end": "2022-11-02T13:35:45.600Z",
    "duration": 1925,
    "testsRegistered": 3,
    "passPercent": 100,
    "pendingPercent": 0,
    "other": 0,
    "hasOther": false,
    "skipped": 0,
    "hasSkipped": false
  },
  "results": [
    {
      "uuid": "27dd96d1-689b-4813-9d22-b5bf00602d61",
      "title": "",
      "fullFile": "cypress/integration/API_Test/apiPositiveResponse.js",
      "file": "cypress/integration/API_Test/apiPositiveResponse.js",
      "beforeHooks": [],
      "afterHooks": [],
      "tests": [],
      "suites": [
        {
          "uuid": "e749e1cf-79c2-4130-83c2-edcda23778f1",
          "title": "Positive API Test",
          "fullFile": "",
          "file": "",
          "beforeHooks": [],
          "afterHooks": [],
          "tests": [
            {
              "title": "API Header :- Asserting headers",
              "fullTitle": "Positive API Test API Header :- Asserting headers",
              "timedOut": null,
              "duration": 1148,
              "state": "passed",
              "speed": "fast",
              "pass": true,
              "fail": false,
              "pending": false,
              "context": null,
              "code": "// Asserting all headers\ncy.request({\n  url: Cypress.env('uniURL') + uniCountry\n}).as('res'), cy.get('@res').its('headers').its('access-control-allow-origin').should('include', HeaderAccessControl), cy.get('@res').its('headers').its('connection').should('include', headerConnection), cy.get('@res').its('headers').its('content-length').should('include', headerContentLength), cy.get('@res').its('headers').its('content-type').should('include', headerContentType), cy.get('@res').its('headers').its('server').should('include', headerServer);",
              "err": {},
              "uuid": "0ca81e6f-57c7-4405-bc08-0fb6d1248804",
              "parentUUID": "e749e1cf-79c2-4130-83c2-edcda23778f1",
              "isHook": false,
              "skipped": false
            },
            {
              "title": "URL : Validating landed in conrrect uni country : Sri Lanka",
              "fullTitle": "Positive API Test URL : Validating landed in conrrect uni country : Sri Lanka",
              "timedOut": null,
              "duration": 346,
              "state": "passed",
              "speed": "fast",
              "pass": true,
              "fail": false,
              "pending": false,
              "context": null,
              "code": "cy.request({\n  // method : 'GET',\n  url: Cypress.env('uniURL') + uniCountry\n}).then(function (res) {\n  expect(res.body[5].web_pages[0]).to.eq(uniWebURL);\n});",
              "err": {},
              "uuid": "ddefdbaf-679b-4ef5-8851-bac2b1eed4ea",
              "parentUUID": "e749e1cf-79c2-4130-83c2-edcda23778f1",
              "isHook": false,
              "skipped": false
            },
            {
              "title": "GET University of Jaffna - Sri Lanka in Array [1] - Positive",
              "fullTitle": "Positive API Test GET University of Jaffna - Sri Lanka in Array [1] - Positive",
              "timedOut": null,
              "duration": 348,
              "state": "passed",
              "speed": "fast",
              "pass": true,
              "fail": false,
              "pending": false,
              "context": null,
              "code": "//GET university details\ncy.request({\n  method: 'GET',\n  url: Cypress.env('uniURL') + uniCountry\n}).then(res => {\n  expect(res.status).to.eq(statusCode), expect(res.body[5].domains[0]).to.eq(uniDomain), expect(res.body[5]).has.property('alpha_two_code', uniCountryCode), expect(res.body[5].web_pages[0]).to.eq(uniWebURL), expect(res.body[5]).has.property('country', selectedCountry), expect(res.body[5]).has.property('state-province', uniProvince), expect(res.body[5].name).to.eq(uniName);\n});",
              "err": {},
              "uuid": "e6031b39-9a98-4b9e-9530-121fbba3c3b3",
              "parentUUID": "e749e1cf-79c2-4130-83c2-edcda23778f1",
              "isHook": false,
              "skipped": false
            }
          ],
          "suites": [],
          "passes": [
            "0ca81e6f-57c7-4405-bc08-0fb6d1248804",
            "ddefdbaf-679b-4ef5-8851-bac2b1eed4ea",
            "e6031b39-9a98-4b9e-9530-121fbba3c3b3"
          ],
          "failures": [],
          "pending": [],
          "skipped": [],
          "duration": 1842,
          "root": false,
          "rootEmpty": false,
          "_timeout": 2000
        }
      ],
      "passes": [],
      "failures": [],
      "pending": [],
      "skipped": [],
      "duration": 0,
      "root": true,
      "rootEmpty": true,
      "_timeout": 2000
    }
  ],
  "meta": {
    "mocha": {
      "version": "7.0.1"
    },
    "mochawesome": {
      "options": {
        "quiet": false,
        "reportFilename": "",
        "saveHtml": false,
        "saveJson": true,
        "consoleReporter": "spec",
        "useInlineDiffs": false,
        "code": true
      },
      "version": "6.3.1"
    },
    "marge": {
      "options": {
        "charts": true,
        "overwrite": false,
        "html": false,
        "json": true,
        "reportDir": "cypress/reports",
        "timestamp": "dd-mm-yyyy--HH-MM-ss",
        "reportFilename": ""
      },
      "version": "5.2.0"
    }
  }
}