{
  "stats": {
    "suites": 1,
    "tests": 14,
    "passes": 14,
    "pending": 0,
    "failures": 0,
    "start": "2022-11-02T13:35:48.285Z",
    "end": "2022-11-02T13:35:55.965Z",
    "duration": 7680,
    "testsRegistered": 14,
    "passPercent": 100,
    "pendingPercent": 0,
    "other": 0,
    "hasOther": false,
    "skipped": 0,
    "hasSkipped": false
  },
  "results": [
    {
      "uuid": "086ba36f-5d3e-4c6c-a8a0-38fcea48fd51",
      "title": "",
      "fullFile": "cypress/integration/API_Test/apiNegativeResponse.js",
      "file": "cypress/integration/API_Test/apiNegativeResponse.js",
      "beforeHooks": [],
      "afterHooks": [],
      "tests": [],
      "suites": [
        {
          "uuid": "1a5847e6-bf38-4767-a08d-fd8362f16594",
          "title": "Negative API Test",
          "fullFile": "",
          "file": "",
          "beforeHooks": [],
          "afterHooks": [],
          "tests": [
            {
              "title": "POST Method :- Trying to validate POST method 405",
              "fullTitle": "Negative API Test POST Method :- Trying to validate POST method 405",
              "timedOut": null,
              "duration": 666,
              "state": "passed",
              "speed": "fast",
              "pass": true,
              "fail": false,
              "pending": false,
              "context": null,
              "code": "cy.request({\n  method: 'POST',\n  url: Cypress.env('uniURL') + uniCountry,\n  failOnStatusCode: false\n}).then(res => {\n  expect(res.status).to.eq(405);\n});",
              "err": {},
              "uuid": "058ed2fd-185a-4e20-9434-8408847f273c",
              "parentUUID": "1a5847e6-bf38-4767-a08d-fd8362f16594",
              "isHook": false,
              "skipped": false
            },
            {
              "title": "DELETE Method :- Trying to validate DELETE method 405",
              "fullTitle": "Negative API Test DELETE Method :- Trying to validate DELETE method 405",
              "timedOut": null,
              "duration": 596,
              "state": "passed",
              "speed": "fast",
              "pass": true,
              "fail": false,
              "pending": false,
              "context": null,
              "code": "cy.request({\n  method: 'DELETE',\n  url: Cypress.env('uniURL') + uniCountry,\n  failOnStatusCode: false\n}).then(res => {\n  expect(res.status).to.eq(405);\n});",
              "err": {},
              "uuid": "0bbd5146-dc63-4413-8114-aec398082645",
              "parentUUID": "1a5847e6-bf38-4767-a08d-fd8362f16594",
              "isHook": false,
              "skipped": false
            },
            {
              "title": "GET : Validate university name not to Undefine",
              "fullTitle": "Negative API Test GET : Validate university name not to Undefine",
              "timedOut": null,
              "duration": 641,
              "state": "passed",
              "speed": "fast",
              "pass": true,
              "fail": false,
              "pending": false,
              "context": null,
              "code": "cy.request({\n  method: 'GET',\n  url: Cypress.env('uniURL') + uniCountry\n}).then(res => {\n  expect(res.body[5].name).to.not.equal();\n});",
              "err": {},
              "uuid": "aa7ff42a-41b0-49cf-9329-eed01a42f9aa",
              "parentUUID": "1a5847e6-bf38-4767-a08d-fd8362f16594",
              "isHook": false,
              "skipped": false
            },
            {
              "title": "API Header :- Negative validation for Wrong Access Control",
              "fullTitle": "Negative API Test API Header :- Negative validation for Wrong Access Control",
              "timedOut": null,
              "duration": 331,
              "state": "passed",
              "speed": "fast",
              "pass": true,
              "fail": false,
              "pending": false,
              "context": null,
              "code": "cy.get('@res').its('headers').its('access-control-allow-origin').should('not.include', wrongAccessControl);",
              "err": {},
              "uuid": "aaa0d865-57d1-4273-bbb3-6c50db46ab2f",
              "parentUUID": "1a5847e6-bf38-4767-a08d-fd8362f16594",
              "isHook": false,
              "skipped": false
            },
            {
              "title": "API Header :- Negative validation for Wrong connection",
              "fullTitle": "Negative API Test API Header :- Negative validation for Wrong connection",
              "timedOut": null,
              "duration": 327,
              "state": "passed",
              "speed": "fast",
              "pass": true,
              "fail": false,
              "pending": false,
              "context": null,
              "code": "cy.get('@res').its('headers').its('connection').should('not.contain', wrongConnection);",
              "err": {},
              "uuid": "4d6b1935-c159-424e-b8e4-c8e44e065061",
              "parentUUID": "1a5847e6-bf38-4767-a08d-fd8362f16594",
              "isHook": false,
              "skipped": false
            },
            {
              "title": "API Header :- Negative validation for Wrong Content Length",
              "fullTitle": "Negative API Test API Header :- Negative validation for Wrong Content Length",
              "timedOut": null,
              "duration": 337,
              "state": "passed",
              "speed": "fast",
              "pass": true,
              "fail": false,
              "pending": false,
              "context": null,
              "code": "cy.get('@res').its('headers').its('content-length').should(() => {\n  expect('@res').to.not.eq(wrongContentLength), expect('@res').to.not.have.length(5);\n});",
              "err": {},
              "uuid": "eb7cd872-b84e-4299-89c3-3ca494f4616b",
              "parentUUID": "1a5847e6-bf38-4767-a08d-fd8362f16594",
              "isHook": false,
              "skipped": false
            },
            {
              "title": "API Header :- Negative validation for Wrong Content Type",
              "fullTitle": "Negative API Test API Header :- Negative validation for Wrong Content Type",
              "timedOut": null,
              "duration": 328,
              "state": "passed",
              "speed": "fast",
              "pass": true,
              "fail": false,
              "pending": false,
              "context": null,
              "code": "cy.get('@res').its('headers').its('content-type').should(() => {\n  expect('@res').to.not.eq(wrongContentType), expect('@res').to.not.have.property(wrongContentType);\n});",
              "err": {},
              "uuid": "5808515d-9b7a-46fa-8088-3b935e007717",
              "parentUUID": "1a5847e6-bf38-4767-a08d-fd8362f16594",
              "isHook": false,
              "skipped": false
            },
            {
              "title": "API Header :- Negative validation for Wrong Server",
              "fullTitle": "Negative API Test API Header :- Negative validation for Wrong Server",
              "timedOut": null,
              "duration": 329,
              "state": "passed",
              "speed": "fast",
              "pass": true,
              "fail": false,
              "pending": false,
              "context": null,
              "code": "cy.get('@res').its('headers').its('server').should(() => {\n  expect('@res').to.not.equal(wrongServer);\n}).should('not.include', wrongServer);",
              "err": {},
              "uuid": "73b59f19-97ac-4b12-9d2d-db5abb140b8f",
              "parentUUID": "1a5847e6-bf38-4767-a08d-fd8362f16594",
              "isHook": false,
              "skipped": false
            },
            {
              "title": "Status Code :- Validating wrong status code",
              "fullTitle": "Negative API Test Status Code :- Validating wrong status code",
              "timedOut": null,
              "duration": 618,
              "state": "passed",
              "speed": "fast",
              "pass": true,
              "fail": false,
              "pending": false,
              "context": null,
              "code": "cy.request({\n  method: 'GET',\n  url: Cypress.env('uniURL') + uniCountry\n}).then(res => {\n  expect(res.status).to.not.eq(wrongStatusCode);\n});",
              "err": {},
              "uuid": "05866585-a914-4d8b-9134-a56ac4dccfb1",
              "parentUUID": "1a5847e6-bf38-4767-a08d-fd8362f16594",
              "isHook": false,
              "skipped": false
            },
            {
              "title": "GET - Validating undefine data",
              "fullTitle": "Negative API Test GET - Validating undefine data",
              "timedOut": null,
              "duration": 618,
              "state": "passed",
              "speed": "fast",
              "pass": true,
              "fail": false,
              "pending": false,
              "context": null,
              "code": "cy.request({\n  method: 'GET',\n  url: Cypress.env('uniURL') + uniCountry\n}).then(res => {\n  expect(res.body[5].domains[0]).to.not.eq();\n});",
              "err": {},
              "uuid": "52dc6ac6-063f-4312-8c84-bdbcfc5daf4d",
              "parentUUID": "1a5847e6-bf38-4767-a08d-fd8362f16594",
              "isHook": false,
              "skipped": false
            },
            {
              "title": "GET - Validating not equal data",
              "fullTitle": "Negative API Test GET - Validating not equal data",
              "timedOut": null,
              "duration": 648,
              "state": "passed",
              "speed": "fast",
              "pass": true,
              "fail": false,
              "pending": false,
              "context": null,
              "code": "cy.request({\n  method: 'GET',\n  url: Cypress.env('uniURL') + uniCountry\n}).then(res => {\n  expect(res.body[5].alpha_two_code).to.not.eq(wrongStatusCode);\n});",
              "err": {},
              "uuid": "14d44e01-9d07-4d5f-9de1-7053a5da97ae",
              "parentUUID": "1a5847e6-bf38-4767-a08d-fd8362f16594",
              "isHook": false,
              "skipped": false
            },
            {
              "title": "GET - Validating not contain",
              "fullTitle": "Negative API Test GET - Validating not contain",
              "timedOut": null,
              "duration": 611,
              "state": "passed",
              "speed": "fast",
              "pass": true,
              "fail": false,
              "pending": false,
              "context": null,
              "code": "cy.request({\n  method: 'GET',\n  url: Cypress.env('uniURL') + uniCountry\n}).then(res => {\n  expect(res.body[5].web_pages[0]).to.not.contain();\n});",
              "err": {},
              "uuid": "5dca5c72-3dc3-439f-ba56-103759195bfd",
              "parentUUID": "1a5847e6-bf38-4767-a08d-fd8362f16594",
              "isHook": false,
              "skipped": false
            },
            {
              "title": "GET - Validating not equal",
              "fullTitle": "Negative API Test GET - Validating not equal",
              "timedOut": null,
              "duration": 587,
              "state": "passed",
              "speed": "fast",
              "pass": true,
              "fail": false,
              "pending": false,
              "context": null,
              "code": "cy.request({\n  method: 'GET',\n  url: Cypress.env('uniURL') + uniCountry\n}).then(res => {\n  expect(res.body[5].name).not.eq();\n});",
              "err": {},
              "uuid": "c127351d-3db8-4902-87e9-df125e9095f0",
              "parentUUID": "1a5847e6-bf38-4767-a08d-fd8362f16594",
              "isHook": false,
              "skipped": false
            },
            {
              "title": "URL : Validating landed in wrong uni country",
              "fullTitle": "Negative API Test URL : Validating landed in wrong uni country",
              "timedOut": null,
              "duration": 947,
              "state": "passed",
              "speed": "fast",
              "pass": true,
              "fail": false,
              "pending": false,
              "context": null,
              "code": "cy.request({\n  // method : 'GET',\n  url: Cypress.env('uniURL') + worngUniCountrySelection\n}).then(function (res) {\n  expect(res.body[5].web_pages[0]).to.not.eq(uniWebURL);\n});",
              "err": {},
              "uuid": "203608d9-7cc2-4004-bdb0-41f15a671fd1",
              "parentUUID": "1a5847e6-bf38-4767-a08d-fd8362f16594",
              "isHook": false,
              "skipped": false
            }
          ],
          "suites": [],
          "passes": [
            "058ed2fd-185a-4e20-9434-8408847f273c",
            "0bbd5146-dc63-4413-8114-aec398082645",
            "aa7ff42a-41b0-49cf-9329-eed01a42f9aa",
            "aaa0d865-57d1-4273-bbb3-6c50db46ab2f",
            "4d6b1935-c159-424e-b8e4-c8e44e065061",
            "eb7cd872-b84e-4299-89c3-3ca494f4616b",
            "5808515d-9b7a-46fa-8088-3b935e007717",
            "73b59f19-97ac-4b12-9d2d-db5abb140b8f",
            "05866585-a914-4d8b-9134-a56ac4dccfb1",
            "52dc6ac6-063f-4312-8c84-bdbcfc5daf4d",
            "14d44e01-9d07-4d5f-9de1-7053a5da97ae",
            "5dca5c72-3dc3-439f-ba56-103759195bfd",
            "c127351d-3db8-4902-87e9-df125e9095f0",
            "203608d9-7cc2-4004-bdb0-41f15a671fd1"
          ],
          "failures": [],
          "pending": [],
          "skipped": [],
          "duration": 7584,
          "root": false,
          "rootEmpty": false,
          "_timeout": 2000
        }
      ],
      "passes": [],
      "failures": [],
      "pending": [],
      "skipped": [],
      "duration": 0,
      "root": true,
      "rootEmpty": true,
      "_timeout": 2000
    }
  ],
  "meta": {
    "mocha": {
      "version": "7.0.1"
    },
    "mochawesome": {
      "options": {
        "quiet": false,
        "reportFilename": "",
        "saveHtml": false,
        "saveJson": true,
        "consoleReporter": "spec",
        "useInlineDiffs": false,
        "code": true
      },
      "version": "6.3.1"
    },
    "marge": {
      "options": {
        "charts": true,
        "overwrite": false,
        "html": false,
        "json": true,
        "reportDir": "cypress/reports",
        "timestamp": "dd-mm-yyyy--HH-MM-ss",
        "reportFilename": ""
      },
      "version": "5.2.0"
    }
  }
}