{
  "stats": {
    "suites": 1,
    "tests": 14,
    "passes": 14,
    "pending": 0,
    "failures": 0,
    "start": "2022-11-02T13:39:23.813Z",
    "end": "2022-11-02T13:39:31.266Z",
    "duration": 7453,
    "testsRegistered": 14,
    "passPercent": 100,
    "pendingPercent": 0,
    "other": 0,
    "hasOther": false,
    "skipped": 0,
    "hasSkipped": false
  },
  "results": [
    {
      "uuid": "6a43f5a7-9acd-4f36-96e3-6ccaa89ffe21",
      "title": "",
      "fullFile": "cypress/integration/API_Test/apiNegativeResponse.js",
      "file": "cypress/integration/API_Test/apiNegativeResponse.js",
      "beforeHooks": [],
      "afterHooks": [],
      "tests": [],
      "suites": [
        {
          "uuid": "f8909024-e4c2-4194-b8a0-62fb0407bb86",
          "title": "Negative API Test",
          "fullFile": "",
          "file": "",
          "beforeHooks": [],
          "afterHooks": [],
          "tests": [
            {
              "title": "POST Method :- Trying to validate POST method 405",
              "fullTitle": "Negative API Test POST Method :- Trying to validate POST method 405",
              "timedOut": null,
              "duration": 665,
              "state": "passed",
              "speed": "fast",
              "pass": true,
              "fail": false,
              "pending": false,
              "context": null,
              "code": "cy.request({\n  method: 'POST',\n  url: Cypress.env('uniURL') + uniCountry,\n  failOnStatusCode: false\n}).then(res => {\n  expect(res.status).to.eq(405);\n});",
              "err": {},
              "uuid": "9b6a1641-61bd-4cad-bb7d-1092b3508826",
              "parentUUID": "f8909024-e4c2-4194-b8a0-62fb0407bb86",
              "isHook": false,
              "skipped": false
            },
            {
              "title": "DELETE Method :- Trying to validate DELETE method 405",
              "fullTitle": "Negative API Test DELETE Method :- Trying to validate DELETE method 405",
              "timedOut": null,
              "duration": 609,
              "state": "passed",
              "speed": "fast",
              "pass": true,
              "fail": false,
              "pending": false,
              "context": null,
              "code": "cy.request({\n  method: 'DELETE',\n  url: Cypress.env('uniURL') + uniCountry,\n  failOnStatusCode: false\n}).then(res => {\n  expect(res.status).to.eq(405);\n});",
              "err": {},
              "uuid": "4454cb07-be30-4178-af8f-a3f86847870b",
              "parentUUID": "f8909024-e4c2-4194-b8a0-62fb0407bb86",
              "isHook": false,
              "skipped": false
            },
            {
              "title": "GET : Validate university name not to Undefine",
              "fullTitle": "Negative API Test GET : Validate university name not to Undefine",
              "timedOut": null,
              "duration": 599,
              "state": "passed",
              "speed": "fast",
              "pass": true,
              "fail": false,
              "pending": false,
              "context": null,
              "code": "cy.request({\n  method: 'GET',\n  url: Cypress.env('uniURL') + uniCountry\n}).then(res => {\n  expect(res.body[5].name).to.not.equal();\n});",
              "err": {},
              "uuid": "59cc575e-6e62-4e9c-85b9-e040524414c4",
              "parentUUID": "f8909024-e4c2-4194-b8a0-62fb0407bb86",
              "isHook": false,
              "skipped": false
            },
            {
              "title": "API Header :- Negative validation for Wrong Access Control",
              "fullTitle": "Negative API Test API Header :- Negative validation for Wrong Access Control",
              "timedOut": null,
              "duration": 328,
              "state": "passed",
              "speed": "fast",
              "pass": true,
              "fail": false,
              "pending": false,
              "context": null,
              "code": "cy.get('@res').its('headers').its('access-control-allow-origin').should('not.include', wrongAccessControl);",
              "err": {},
              "uuid": "4bfdf272-e9d4-4489-9d02-7c8e59902297",
              "parentUUID": "f8909024-e4c2-4194-b8a0-62fb0407bb86",
              "isHook": false,
              "skipped": false
            },
            {
              "title": "API Header :- Negative validation for Wrong connection",
              "fullTitle": "Negative API Test API Header :- Negative validation for Wrong connection",
              "timedOut": null,
              "duration": 324,
              "state": "passed",
              "speed": "fast",
              "pass": true,
              "fail": false,
              "pending": false,
              "context": null,
              "code": "cy.get('@res').its('headers').its('connection').should('not.contain', wrongConnection);",
              "err": {},
              "uuid": "87196116-a60c-4be0-b2c5-eac6a2ad96b1",
              "parentUUID": "f8909024-e4c2-4194-b8a0-62fb0407bb86",
              "isHook": false,
              "skipped": false
            },
            {
              "title": "API Header :- Negative validation for Wrong Content Length",
              "fullTitle": "Negative API Test API Header :- Negative validation for Wrong Content Length",
              "timedOut": null,
              "duration": 328,
              "state": "passed",
              "speed": "fast",
              "pass": true,
              "fail": false,
              "pending": false,
              "context": null,
              "code": "cy.get('@res').its('headers').its('content-length').should(() => {\n  expect('@res').to.not.eq(wrongContentLength), expect('@res').to.not.have.length(5);\n});",
              "err": {},
              "uuid": "e4029444-facd-43ac-b712-8c4114852bfa",
              "parentUUID": "f8909024-e4c2-4194-b8a0-62fb0407bb86",
              "isHook": false,
              "skipped": false
            },
            {
              "title": "API Header :- Negative validation for Wrong Content Type",
              "fullTitle": "Negative API Test API Header :- Negative validation for Wrong Content Type",
              "timedOut": null,
              "duration": 326,
              "state": "passed",
              "speed": "fast",
              "pass": true,
              "fail": false,
              "pending": false,
              "context": null,
              "code": "cy.get('@res').its('headers').its('content-type').should(() => {\n  expect('@res').to.not.eq(wrongContentType), expect('@res').to.not.have.property(wrongContentType);\n});",
              "err": {},
              "uuid": "5a62dd6b-04fe-4ba5-a7ea-c52bdec476a0",
              "parentUUID": "f8909024-e4c2-4194-b8a0-62fb0407bb86",
              "isHook": false,
              "skipped": false
            },
            {
              "title": "API Header :- Negative validation for Wrong Server",
              "fullTitle": "Negative API Test API Header :- Negative validation for Wrong Server",
              "timedOut": null,
              "duration": 320,
              "state": "passed",
              "speed": "fast",
              "pass": true,
              "fail": false,
              "pending": false,
              "context": null,
              "code": "cy.get('@res').its('headers').its('server').should(() => {\n  expect('@res').to.not.equal(wrongServer);\n}).should('not.include', wrongServer);",
              "err": {},
              "uuid": "dc384513-9b14-4424-aa93-73033a00658b",
              "parentUUID": "f8909024-e4c2-4194-b8a0-62fb0407bb86",
              "isHook": false,
              "skipped": false
            },
            {
              "title": "Status Code :- Validating wrong status code",
              "fullTitle": "Negative API Test Status Code :- Validating wrong status code",
              "timedOut": null,
              "duration": 597,
              "state": "passed",
              "speed": "fast",
              "pass": true,
              "fail": false,
              "pending": false,
              "context": null,
              "code": "cy.request({\n  method: 'GET',\n  url: Cypress.env('uniURL') + uniCountry\n}).then(res => {\n  expect(res.status).to.not.eq(wrongStatusCode);\n});",
              "err": {},
              "uuid": "5a27fe24-2221-43f3-ab8e-49eb7f02a392",
              "parentUUID": "f8909024-e4c2-4194-b8a0-62fb0407bb86",
              "isHook": false,
              "skipped": false
            },
            {
              "title": "GET - Validating undefine data",
              "fullTitle": "Negative API Test GET - Validating undefine data",
              "timedOut": null,
              "duration": 607,
              "state": "passed",
              "speed": "fast",
              "pass": true,
              "fail": false,
              "pending": false,
              "context": null,
              "code": "cy.request({\n  method: 'GET',\n  url: Cypress.env('uniURL') + uniCountry\n}).then(res => {\n  expect(res.body[5].domains[0]).to.not.eq();\n});",
              "err": {},
              "uuid": "40f38437-e769-47f0-8a89-9c16d173f307",
              "parentUUID": "f8909024-e4c2-4194-b8a0-62fb0407bb86",
              "isHook": false,
              "skipped": false
            },
            {
              "title": "GET - Validating not equal data",
              "fullTitle": "Negative API Test GET - Validating not equal data",
              "timedOut": null,
              "duration": 607,
              "state": "passed",
              "speed": "fast",
              "pass": true,
              "fail": false,
              "pending": false,
              "context": null,
              "code": "cy.request({\n  method: 'GET',\n  url: Cypress.env('uniURL') + uniCountry\n}).then(res => {\n  expect(res.body[5].alpha_two_code).to.not.eq(wrongStatusCode);\n});",
              "err": {},
              "uuid": "eae27079-9294-4e1f-ae38-725f2c214615",
              "parentUUID": "f8909024-e4c2-4194-b8a0-62fb0407bb86",
              "isHook": false,
              "skipped": false
            },
            {
              "title": "GET - Validating not contain",
              "fullTitle": "Negative API Test GET - Validating not contain",
              "timedOut": null,
              "duration": 587,
              "state": "passed",
              "speed": "fast",
              "pass": true,
              "fail": false,
              "pending": false,
              "context": null,
              "code": "cy.request({\n  method: 'GET',\n  url: Cypress.env('uniURL') + uniCountry\n}).then(res => {\n  expect(res.body[5].web_pages[0]).to.not.contain();\n});",
              "err": {},
              "uuid": "f355c757-4779-4837-94ec-bed97b39e72c",
              "parentUUID": "f8909024-e4c2-4194-b8a0-62fb0407bb86",
              "isHook": false,
              "skipped": false
            },
            {
              "title": "GET - Validating not equal",
              "fullTitle": "Negative API Test GET - Validating not equal",
              "timedOut": null,
              "duration": 575,
              "state": "passed",
              "speed": "fast",
              "pass": true,
              "fail": false,
              "pending": false,
              "context": null,
              "code": "cy.request({\n  method: 'GET',\n  url: Cypress.env('uniURL') + uniCountry\n}).then(res => {\n  expect(res.body[5].name).not.eq();\n});",
              "err": {},
              "uuid": "e0b5af91-873e-42bd-990f-9f828063d15a",
              "parentUUID": "f8909024-e4c2-4194-b8a0-62fb0407bb86",
              "isHook": false,
              "skipped": false
            },
            {
              "title": "URL : Validating landed in wrong uni country",
              "fullTitle": "Negative API Test URL : Validating landed in wrong uni country",
              "timedOut": null,
              "duration": 876,
              "state": "passed",
              "speed": "fast",
              "pass": true,
              "fail": false,
              "pending": false,
              "context": null,
              "code": "cy.request({\n  // method : 'GET',\n  url: Cypress.env('uniURL') + worngUniCountrySelection\n}).then(function (res) {\n  expect(res.body[5].web_pages[0]).to.not.eq(uniWebURL);\n});",
              "err": {},
              "uuid": "79ffe751-b7bb-4aad-90b5-f26e027e016f",
              "parentUUID": "f8909024-e4c2-4194-b8a0-62fb0407bb86",
              "isHook": false,
              "skipped": false
            }
          ],
          "suites": [],
          "passes": [
            "9b6a1641-61bd-4cad-bb7d-1092b3508826",
            "4454cb07-be30-4178-af8f-a3f86847870b",
            "59cc575e-6e62-4e9c-85b9-e040524414c4",
            "4bfdf272-e9d4-4489-9d02-7c8e59902297",
            "87196116-a60c-4be0-b2c5-eac6a2ad96b1",
            "e4029444-facd-43ac-b712-8c4114852bfa",
            "5a62dd6b-04fe-4ba5-a7ea-c52bdec476a0",
            "dc384513-9b14-4424-aa93-73033a00658b",
            "5a27fe24-2221-43f3-ab8e-49eb7f02a392",
            "40f38437-e769-47f0-8a89-9c16d173f307",
            "eae27079-9294-4e1f-ae38-725f2c214615",
            "f355c757-4779-4837-94ec-bed97b39e72c",
            "e0b5af91-873e-42bd-990f-9f828063d15a",
            "79ffe751-b7bb-4aad-90b5-f26e027e016f"
          ],
          "failures": [],
          "pending": [],
          "skipped": [],
          "duration": 7348,
          "root": false,
          "rootEmpty": false,
          "_timeout": 2000
        }
      ],
      "passes": [],
      "failures": [],
      "pending": [],
      "skipped": [],
      "duration": 0,
      "root": true,
      "rootEmpty": true,
      "_timeout": 2000
    }
  ],
  "meta": {
    "mocha": {
      "version": "7.0.1"
    },
    "mochawesome": {
      "options": {
        "quiet": false,
        "reportFilename": "",
        "saveHtml": false,
        "saveJson": true,
        "consoleReporter": "spec",
        "useInlineDiffs": false,
        "code": true
      },
      "version": "6.3.1"
    },
    "marge": {
      "options": {
        "charts": true,
        "overwrite": false,
        "html": false,
        "json": true,
        "reportDir": "cypress/reports",
        "timestamp": "dd-mm-yyyy--HH-MM-ss",
        "reportFilename": ""
      },
      "version": "5.2.0"
    }
  }
}